<?xml version='1.0' encoding='UTF-8'?>
<testsuite hostname="Bhargav" name="Actor.StatsActorTest" tests="1" errors="0" failures="0" skipped="0" time="0.002" timestamp="2021-12-06T23:24:58">
                     <properties>
[...]
</properties>
                     <testcase classname="Actor.StatsActorTest" name="test" time="0.002">
                                                 
                                               </testcase>
                     <system-out><![CDATA[]]></system-out>
                     <system-err><![CDATA[]]></system-err>
                   </testsuite>